<?xml version="1.0" encoding="UTF-8"?>
<!-- Generated by org.testng.reporters.JUnitReportReporter -->
<testsuite hostname="Kundan" failures="0" tests="2" name="section04.WriteDataToExcel" time="53.353" errors="0" timestamp="2024-10-29T18:00:57 IST" skipped="1">
  <testcase classname="section04.WriteDataToExcel" name="writeDynamicData" time="53.353"/>
  <system-out/>
  <testcase classname="section04.WriteDataToExcel" name="writeStaticData">
    <skipped/>
  </testcase> <!-- writeStaticData -->
  <system-out/>
</testsuite> <!-- section04.WriteDataToExcel -->
