<?xml version="1.0" encoding="UTF-8"?>
<!-- Generated by org.testng.reporters.JUnitReportReporter -->
<testsuite hostname="Kundan" failures="0" tests="3" name="section05_lec46.DataProviderDemo" time="16.198" errors="0" timestamp="2024-11-02T11:15:25 IST" skipped="0">
  <testcase classname="section05_lec46.DataProviderDemo" name="readData" time="5.138"/>
  <system-out/>
  <testcase classname="section05_lec46.DataProviderDemo" name="readData" time="5.489"/>
  <system-out/>
  <testcase classname="section05_lec46.DataProviderDemo" name="readData" time="5.571"/>
  <system-out/>
</testsuite> <!-- section05_lec46.DataProviderDemo -->
