<?xml version="1.0" encoding="UTF-8"?>
<!-- Generated by org.testng.reporters.JUnitReportReporter -->
<testsuite hostname="Kundan" failures="0" tests="5" name="section05_lec46.DataProviderWithExcel" time="0.020" errors="0" timestamp="2024-11-02T12:04:33 IST" skipped="0">
  <testcase classname="section05_lec46.DataProviderWithExcel" name="readData" time="0.001"/>
  <system-out/>
  <testcase classname="section05_lec46.DataProviderWithExcel" name="readData" time="0.003"/>
  <system-out/>
  <testcase classname="section05_lec46.DataProviderWithExcel" name="readData" time="0.003"/>
  <system-out/>
  <testcase classname="section05_lec46.DataProviderWithExcel" name="readData" time="0.011"/>
  <system-out/>
  <testcase classname="section05_lec46.DataProviderWithExcel" name="readData" time="0.002"/>
  <system-out/>
</testsuite> <!-- section05_lec46.DataProviderWithExcel -->
