<?xml version="1.0" encoding="UTF-8"?>
<!-- Generated by org.testng.reporters.JUnitReportReporter -->
<testsuite hostname="Kundan" failures="0" tests="1" name="section04_lec42.ReadDataFromPropertiesFile" time="0.007" errors="0" timestamp="2024-11-01T15:42:50 IST" skipped="0">
  <testcase classname="section04_lec42.ReadDataFromPropertiesFile" name="readData" time="0.007"/>
  <system-out/>
</testsuite> <!-- section04_lec42.ReadDataFromPropertiesFile -->
