<?xml version="1.0" encoding="UTF-8"?>
<!-- Generated by org.testng.reporters.JUnitReportReporter -->
<testsuite hostname="Kundan" failures="0" tests="1" name="section04.WriteDataInSpecificRowAndCell" time="0.604" errors="0" timestamp="2024-10-29T18:17:08 IST" skipped="0">
  <testcase classname="section04.WriteDataInSpecificRowAndCell" name="writeData" time="0.604"/>
  <system-out/>
</testsuite> <!-- section04.WriteDataInSpecificRowAndCell -->
