<?xml version="1.0" encoding="UTF-8"?>
<!-- Generated by org.testng.reporters.JUnitReportReporter -->
<testsuite hostname="Kundan" failures="0" tests="1" name="section04.ReadDataFromExcel" time="0.484" errors="0" timestamp="2024-10-28T21:35:20 IST" skipped="0">
  <testcase classname="section04.ReadDataFromExcel" name="readData" time="0.484"/>
  <system-out/>
</testsuite> <!-- section04.ReadDataFromExcel -->
