<?xml version="1.0" encoding="UTF-8"?>
<!-- Generated by org.testng.reporters.JUnitReportReporter -->
<testsuite hostname="Kundan" failures="0" tests="1" name="section04_lec42.FDCalculator" time="32.327" errors="0" timestamp="2024-11-01T14:55:05 IST" skipped="0">
  <testcase classname="section04_lec42.FDCalculator" name="calculateFD" time="32.327"/>
  <system-out/>
</testsuite> <!-- section04_lec42.FDCalculator -->
