<?xml version="1.0" encoding="UTF-8"?>
<!-- Generated by org.testng.reporters.JUnitReportReporter -->
<testsuite hostname="Kundan" failures="0" tests="1" name="section04_lec42.FDCalculator" time="37.872" errors="0" timestamp="2024-11-03T01:55:33 IST" skipped="0">
  <testcase classname="section04_lec42.FDCalculator" name="calculateFD" time="37.872"/>
  <system-out/>
</testsuite> <!-- section04_lec42.FDCalculator -->
